<?xml version="1.0" encoding="UTF-8"?>
<!-- Generated by org.testng.reporters.JUnitReportReporter -->
<testsuite hostname="DESKTOP-58TB33S" failures="0" tests="1" name="testCases.TC_RegisterTest" time="5.995" errors="0" timestamp="2023-07-21T04:34:12 PDT" skipped="0">
  <testcase classname="testCases.TC_RegisterTest" name="register" time="5.995"/>
  <system-out/>
</testsuite> <!-- testCases.TC_RegisterTest -->
