<?xml version="1.0" encoding="UTF-8"?>
<!-- Generated by org.testng.reporters.JUnitReportReporter -->
<testsuite hostname="DESKTOP-58TB33S" failures="0" tests="1" name="testCases.TC_DynamicDataTest" time="25.012" errors="0" timestamp="2023-07-21T04:34:12 PDT" skipped="0">
  <testcase classname="testCases.TC_DynamicDataTest" name="dynamicdata" time="25.012"/>
  <system-out/>
</testsuite> <!-- testCases.TC_DynamicDataTest -->
